0 info it worked if it ends with ok
1 verbose cli [ '/opt/nodes/6.6.0/bin/node',
1 verbose cli   '/opt/boxen/nodenv/versions/6.6.0/bin/npm',
1 verbose cli   'publish' ]
2 info using npm@3.10.3
3 info using node@v6.6.0
4 verbose publish [ '.' ]
5 silly cache add args [ '.', null ]
6 verbose cache add spec .
7 silly cache add parsed spec Result {
7 silly cache add   raw: '.',
7 silly cache add   scope: null,
7 silly cache add   escapedName: null,
7 silly cache add   name: null,
7 silly cache add   rawSpec: '.',
7 silly cache add   spec: '/Users/jon/src/passport-legalshield',
7 silly cache add   type: 'directory' }
8 verbose addLocalDirectory /Users/jon/.npm/passport-legalshield/0.0.1/package.tgz not in flight; packing
9 verbose correctMkdir /Users/jon/.npm correctMkdir not in flight; initializing
10 info lifecycle passport-legalshield@0.0.1~prepublish: passport-legalshield@0.0.1
11 silly lifecycle passport-legalshield@0.0.1~prepublish: no script for prepublish, continuing
12 verbose tar pack [ '/Users/jon/.npm/passport-legalshield/0.0.1/package.tgz',
12 verbose tar pack   '/Users/jon/src/passport-legalshield' ]
13 verbose tarball /Users/jon/.npm/passport-legalshield/0.0.1/package.tgz
14 verbose folder /Users/jon/src/passport-legalshield
15 verbose addLocalTarball adding from inside cache /Users/jon/.npm/passport-legalshield/0.0.1/package.tgz
16 verbose correctMkdir /Users/jon/.npm correctMkdir not in flight; initializing
17 silly cache afterAdd passport-legalshield@0.0.1
18 verbose afterAdd /Users/jon/.npm/passport-legalshield/0.0.1/package/package.json not in flight; writing
19 verbose correctMkdir /Users/jon/.npm correctMkdir not in flight; initializing
20 verbose afterAdd /Users/jon/.npm/passport-legalshield/0.0.1/package/package.json written
21 silly publish { name: 'passport-legalshield',
21 silly publish   version: '0.0.1',
21 silly publish   description: 'Passport strategy to authenticate against Legalshield\'s OAuth2 implementation',
21 silly publish   main: './lib/passport-legalshield-oauth2',
21 silly publish   scripts: { test: 'mocha ./test' },
21 silly publish   repository:
21 silly publish    { type: 'git',
21 silly publish      url: 'git+https://github.com/LegalShield/passport-legalshield.git' },
21 silly publish   engines: { node: '6.6.0' },
21 silly publish   author: { name: 'Jonathon Storer' },
21 silly publish   email: 'JonathonStorer@legalshieldcorp.com',
21 silly publish   license: 'ISC',
21 silly publish   bugs: { url: 'https://github.com/LegalShield/passport-legalshield/issues' },
21 silly publish   homepage: 'https://github.com/LegalShield/passport-legalshield#readme',
21 silly publish   dependencies: { 'passport-oauth': '^1.0.0', pkginfo: '^0.4.0' },
21 silly publish   devDependencies: { chai: '^3.5.0', mocha: '^3.1.0', sinon: '^1.17.6' },
21 silly publish   readme: '# passport-legalshield\n',
21 silly publish   readmeFilename: 'README.md',
21 silly publish   gitHead: '5d71d098ab5018ed9befacc3a6e5458a7076a4b2',
21 silly publish   _id: 'passport-legalshield@0.0.1',
21 silly publish   _shasum: '0af2a7237d1beb9f2530be716215751ef40ced69',
21 silly publish   _from: '.' }
22 verbose getPublishConfig undefined
23 silly mapToRegistry name passport-legalshield
24 silly mapToRegistry using default registry
25 silly mapToRegistry registry https://registry.npmjs.org/
26 silly mapToRegistry data Result {
26 silly mapToRegistry   raw: 'passport-legalshield',
26 silly mapToRegistry   scope: null,
26 silly mapToRegistry   escapedName: 'passport-legalshield',
26 silly mapToRegistry   name: 'passport-legalshield',
26 silly mapToRegistry   rawSpec: '',
26 silly mapToRegistry   spec: 'latest',
26 silly mapToRegistry   type: 'tag' }
27 silly mapToRegistry uri https://registry.npmjs.org/passport-legalshield
28 verbose publish registryBase https://registry.npmjs.org/
29 silly publish uploading /Users/jon/.npm/passport-legalshield/0.0.1/package.tgz
30 verbose request uri https://registry.npmjs.org/passport-legalshield
31 verbose request sending authorization for write operation
32 info attempt registry request try #1 at 10:18:30 PM
33 verbose request using bearer token for auth
34 verbose request id b8d19a67bb78f505
35 http request PUT https://registry.npmjs.org/passport-legalshield
36 http 403 https://registry.npmjs.org/passport-legalshield
37 verbose headers { 'content-type': 'application/json',
37 verbose headers   'cache-control': 'max-age=300',
37 verbose headers   'content-length': '128',
37 verbose headers   'accept-ranges': 'bytes',
37 verbose headers   date: 'Fri, 30 Sep 2016 02:18:32 GMT',
37 verbose headers   via: '1.1 varnish',
37 verbose headers   connection: 'keep-alive',
37 verbose headers   'x-served-by': 'cache-jfk8143-JFK',
37 verbose headers   'x-cache': 'MISS',
37 verbose headers   'x-cache-hits': '0',
37 verbose headers   'x-timer': 'S1475201911.042304,VS0,VE1203',
37 verbose headers   vary: 'Accept-Encoding' }
38 verbose request invalidating /Users/jon/.npm/registry.npmjs.org/passport-legalshield on PUT
39 error publish Failed PUT 403
40 verbose stack Error: "You cannot publish over the previously published version 0.0.1. Try bumping the version to 1.0.0" : passport-legalshield
40 verbose stack     at makeError (/opt/nodes/6.6.0/lib/node_modules/npm/node_modules/npm-registry-client/lib/request.js:264:12)
40 verbose stack     at CachingRegistryClient.<anonymous> (/opt/nodes/6.6.0/lib/node_modules/npm/node_modules/npm-registry-client/lib/request.js:252:14)
40 verbose stack     at Request._callback (/opt/nodes/6.6.0/lib/node_modules/npm/node_modules/npm-registry-client/lib/request.js:172:14)
40 verbose stack     at Request.self.callback (/opt/nodes/6.6.0/lib/node_modules/npm/node_modules/request/request.js:200:22)
40 verbose stack     at emitTwo (events.js:106:13)
40 verbose stack     at Request.emit (events.js:191:7)
40 verbose stack     at Request.<anonymous> (/opt/nodes/6.6.0/lib/node_modules/npm/node_modules/request/request.js:1067:10)
40 verbose stack     at emitOne (events.js:101:20)
40 verbose stack     at Request.emit (events.js:188:7)
40 verbose stack     at IncomingMessage.<anonymous> (/opt/nodes/6.6.0/lib/node_modules/npm/node_modules/request/request.js:988:12)
41 verbose statusCode 403
42 verbose pkgid passport-legalshield
43 verbose cwd /Users/jon/src/passport-legalshield
44 error Darwin 16.0.0
45 error argv "/opt/nodes/6.6.0/bin/node" "/opt/boxen/nodenv/versions/6.6.0/bin/npm" "publish"
46 error node v6.6.0
47 error npm  v3.10.3
48 error code E403
49 error "You cannot publish over the previously published version 0.0.1. Try bumping the version to 1.0.0" : passport-legalshield
50 error If you need help, you may report this error at:
50 error     <https://github.com/npm/npm/issues>
51 verbose exit [ 1, true ]
